Performing C SOURCE FILE Test CMAKE_HAVE_LIBC_PTHREAD failed with the following output:
Change Dir: /home/sundong/bit_ivrc/other/txt_pub/src/txt_pub/cmake-build-release/CMakeFiles/CMakeTmp

Run Build Command(s):/usr/bin/make cmTC_09200/fast && /usr/bin/make -f CMakeFiles/cmTC_09200.dir/build.make CMakeFiles/cmTC_09200.dir/build
make[1]: Entering directory '/home/sundong/bit_ivrc/other/txt_pub/src/txt_pub/cmake-build-release/CMakeFiles/CMakeTmp'
Building C object CMakeFiles/cmTC_09200.dir/src.c.o
/usr/bin/cc   -DCMAKE_HAVE_LIBC_PTHREAD   -o CMakeFiles/cmTC_09200.dir/src.c.o   -c /home/sundong/bit_ivrc/other/txt_pub/src/txt_pub/cmake-build-release/CMakeFiles/CMakeTmp/src.c
Linking C executable cmTC_09200
/home/sundong/workspace/sorftware/clion-2020.1.2/bin/cmake/linux/bin/cmake -E cmake_link_script CMakeFiles/cmTC_09200.dir/link.txt --verbose=1
/usr/bin/cc  -DCMAKE_HAVE_LIBC_PTHREAD    -rdynamic CMakeFiles/cmTC_09200.dir/src.c.o  -o cmTC_09200 
CMakeFiles/cmTC_09200.dir/src.c.o: In function `main':
src.c:(.text+0x3c): undefined reference to `pthread_create'
src.c:(.text+0x48): undefined reference to `pthread_detach'
src.c:(.text+0x59): undefined reference to `pthread_join'
src.c:(.text+0x6d): undefined reference to `pthread_atfork'
collect2: error: ld returned 1 exit status
CMakeFiles/cmTC_09200.dir/build.make:86: recipe for target 'cmTC_09200' failed
make[1]: *** [cmTC_09200] Error 1
make[1]: Leaving directory '/home/sundong/bit_ivrc/other/txt_pub/src/txt_pub/cmake-build-release/CMakeFiles/CMakeTmp'
Makefile:121: recipe for target 'cmTC_09200/fast' failed
make: *** [cmTC_09200/fast] Error 2


Source file was:
#include <pthread.h>

void* test_func(void* data)
{
  return data;
}

int main(void)
{
  pthread_t thread;
  pthread_create(&thread, NULL, test_func, NULL);
  pthread_detach(thread);
  pthread_join(thread, NULL);
  pthread_atfork(NULL, NULL, NULL);
  pthread_exit(NULL);

  return 0;
}

Determining if the function pthread_create exists in the pthreads failed with the following output:
Change Dir: /home/sundong/bit_ivrc/other/txt_pub/src/txt_pub/cmake-build-release/CMakeFiles/CMakeTmp

Run Build Command(s):/usr/bin/make cmTC_c724c/fast && /usr/bin/make -f CMakeFiles/cmTC_c724c.dir/build.make CMakeFiles/cmTC_c724c.dir/build
make[1]: Entering directory '/home/sundong/bit_ivrc/other/txt_pub/src/txt_pub/cmake-build-release/CMakeFiles/CMakeTmp'
Building C object CMakeFiles/cmTC_c724c.dir/CheckFunctionExists.c.o
/usr/bin/cc   -DCHECK_FUNCTION_EXISTS=pthread_create   -o CMakeFiles/cmTC_c724c.dir/CheckFunctionExists.c.o   -c /home/sundong/workspace/sorftware/clion-2020.1.2/bin/cmake/linux/share/cmake-3.16/Modules/CheckFunctionExists.c
Linking C executable cmTC_c724c
/home/sundong/workspace/sorftware/clion-2020.1.2/bin/cmake/linux/bin/cmake -E cmake_link_script CMakeFiles/cmTC_c724c.dir/link.txt --verbose=1
/usr/bin/cc  -DCHECK_FUNCTION_EXISTS=pthread_create    -rdynamic CMakeFiles/cmTC_c724c.dir/CheckFunctionExists.c.o  -o cmTC_c724c  -lpthreads 
/usr/bin/ld: cannot find -lpthreads
collect2: error: ld returned 1 exit status
CMakeFiles/cmTC_c724c.dir/build.make:86: recipe for target 'cmTC_c724c' failed
make[1]: *** [cmTC_c724c] Error 1
make[1]: Leaving directory '/home/sundong/bit_ivrc/other/txt_pub/src/txt_pub/cmake-build-release/CMakeFiles/CMakeTmp'
Makefile:121: recipe for target 'cmTC_c724c/fast' failed
make: *** [cmTC_c724c/fast] Error 2



